<?xml version="1.0" encoding="UTF-8"?>
<testsuite name="com.example.react_backend.ReactBackendApplicationTests" tests="1" skipped="0" failures="0" errors="0" timestamp="2023-10-30T06:09:02" hostname="junaui-MacBookPro.local" time="0.579">
  <properties/>
  <testcase name="test2()" classname="com.example.react_backend.ReactBackendApplicationTests" time="0.579"/>
  <system-out><![CDATA[15:08:58.883 [Test worker] INFO org.springframework.test.context.support.AnnotationConfigContextLoaderUtils -- Could not detect default configuration classes for test class [com.example.react_backend.ReactBackendApplicationTests]: ReactBackendApplicationTests does not declare any static, non-private, non-final, nested classes annotated with @Configuration.
15:08:58.980 [Test worker] INFO org.springframework.boot.test.context.SpringBootTestContextBootstrapper -- Found @SpringBootConfiguration com.example.react_backend.ReactBackendApplication for test class com.example.react_backend.ReactBackendApplicationTests

  .   ____          _            __ _ _
 /\\ / ___'_ __ _ _(_)_ __  __ _ \ \ \ \
( ( )\___ | '_ | '_| | '_ \/ _` | \ \ \ \
 \\/  ___)| |_)| | | | | || (_| |  ) ) ) )
  '  |____| .__|_| |_|_| |_\__, | / / / /
 =========|_|==============|___/=/_/_/_/
 :: Spring Boot ::                (v3.1.5)

2023-10-30T15:08:59.346+09:00  INFO 17555 --- [    Test worker] c.e.r.ReactBackendApplicationTests       : Starting ReactBackendApplicationTests using Java 17.0.8 with PID 17555 (started by juna in /Users/juna/Desktop/projects/MSAwork/React_Backend)
2023-10-30T15:08:59.348+09:00  INFO 17555 --- [    Test worker] c.e.r.ReactBackendApplicationTests       : No active profile set, falling back to 1 default profile: "default"
2023-10-30T15:08:59.858+09:00  INFO 17555 --- [    Test worker] .s.d.r.c.RepositoryConfigurationDelegate : Bootstrapping Spring Data JPA repositories in DEFAULT mode.
2023-10-30T15:08:59.898+09:00  INFO 17555 --- [    Test worker] .s.d.r.c.RepositoryConfigurationDelegate : Finished Spring Data repository scanning in 34 ms. Found 1 JPA repository interfaces.
2023-10-30T15:09:00.346+09:00  INFO 17555 --- [    Test worker] o.hibernate.jpa.internal.util.LogHelper  : HHH000204: Processing PersistenceUnitInfo [name: default]
2023-10-30T15:09:00.407+09:00  INFO 17555 --- [    Test worker] org.hibernate.Version                    : HHH000412: Hibernate ORM core version 6.2.13.Final
2023-10-30T15:09:00.410+09:00  INFO 17555 --- [    Test worker] org.hibernate.cfg.Environment            : HHH000406: Using bytecode reflection optimizer
2023-10-30T15:09:00.643+09:00  INFO 17555 --- [    Test worker] o.s.o.j.p.SpringPersistenceUnitInfo      : No LoadTimeWeaver setup: ignoring JPA class transformer
2023-10-30T15:09:00.667+09:00  INFO 17555 --- [    Test worker] com.zaxxer.hikari.HikariDataSource       : HikariPool-1 - Starting...
2023-10-30T15:09:00.670+09:00  WARN 17555 --- [    Test worker] c.zaxxer.hikari.util.DriverDataSource    : Registered driver with driverClassName=oracle.jdbc.driver.OracleDriver was not found, trying direct instantiation.
2023-10-30T15:09:00.891+09:00  INFO 17555 --- [    Test worker] com.zaxxer.hikari.pool.HikariPool        : HikariPool-1 - Added connection oracle.jdbc.driver.T4CConnection@1cc41b77
2023-10-30T15:09:00.893+09:00  INFO 17555 --- [    Test worker] com.zaxxer.hikari.HikariDataSource       : HikariPool-1 - Start completed.
Hibernate: 
    create global temporary table HTE_mycomment(rank number(10,0), rn_ number(10,0) not null, comment_no number(19,0), write_date timestamp(6), content varchar2(255 char), writer varchar2(255 char), primary key (rn_)) 
        on commit delete rows
2023-10-30T15:09:01.742+09:00  INFO 17555 --- [    Test worker] o.h.e.t.j.p.i.JtaPlatformInitiator       : HHH000489: No JTA platform available (set 'hibernate.transaction.jta.platform' to enable JTA platform integration)
2023-10-30T15:09:01.745+09:00  INFO 17555 --- [    Test worker] j.LocalContainerEntityManagerFactoryBean : Initialized JPA EntityManagerFactory for persistence unit 'default'
2023-10-30T15:09:02.063+09:00  WARN 17555 --- [    Test worker] JpaBaseConfiguration$JpaWebConfiguration : spring.jpa.open-in-view is enabled by default. Therefore, database queries may be performed during view rendering. Explicitly configure spring.jpa.open-in-view to disable this warning
2023-10-30T15:09:02.568+09:00  INFO 17555 --- [    Test worker] c.e.r.ReactBackendApplicationTests       : Started ReactBackendApplicationTests in 3.443 seconds (process running for 4.534)
B4 call method
Hibernate: 
    select
        mycomment_seq.nextval 
    from
        dual
After call method
Hibernate: 
    insert 
    into
        mycomment
        (content,rank,write_date,writer,comment_no) 
    values
        (?,?,?,?,?)
Hibernate: 
    insert 
    into
        mycomment
        (content,rank,write_date,writer,comment_no) 
    values
        (?,?,?,?,?)
==================================
Hibernate: 
    select
        c1_0.comment_no,
        c1_0.content,
        c1_0.rank,
        c1_0.write_date,
        c1_0.writer 
    from
        mycomment c1_0 
    where
        c1_0.comment_no=?
CommentEntity(commentNo=1002, writer=writer, content=content, rank=5, writeDate=2023-10-30 15:09:03.094)
]]></system-out>
  <system-err><![CDATA[]]></system-err>
</testsuite>
